# JRE version: OpenJDK Runtime Environment Temurin-21.0.9+10 (21.0.9+10) (build 21.0.9+10-LTS)
# Java VM: OpenJDK 64-Bit Server VM Temurin-21.0.9+10 (21.0.9+10-LTS, mixed mode, sharing, tiered, compressed oops, compressed class ptrs, parallel gc, windows-amd64)
GC Precious Log:
 CardTable entry size: 512
 CPUs: 16 total, 16 available
 Memory: 24374M
 Large Page Support: Disabled
 NUMA Support: Disabled
 Compressed Oops: Enabled (32-bit)
 Alignments: Space 512K, Generation 512K, Heap 2M
 Heap Min Capacity: 100M
 Heap Initial Capacity: 100M
 Heap Max Capacity: 2G
 Pre-touch: Disabled
 Parallel Workers: 13
Heap:
 PSYoungGen      total 6656K, used 5367K [0x00000000d5580000, 0x00000000d6300000, 0x0000000100000000)
  eden space 6144K, 79% used [0x00000000d5580000,0x00000000d5a44bc8,0x00000000d5b80000)
  from space 512K, 99% used [0x00000000d6280000,0x00000000d62ff330,0x00000000d6300000)
  to   space 1536K, 0% used [0x00000000d6000000,0x00000000d6000000,0x00000000d6180000)
 ParOldGen       total 68608K, used 53539K [0x0000000080000000, 0x0000000084300000, 0x00000000d5580000)
  object space 68608K, 78% used [0x0000000080000000,0x0000000083448c80,0x0000000084300000)
 Metaspace       used 60676K, committed 62144K, reserved 1114112K
  class space    used 6453K, committed 7104K, reserved 1048576K
GC Heap History (20 events):
Event: 20.366 GC heap before
{Heap before GC invocations=57 (full 2):
 PSYoungGen      total 6656K, used 6560K [0x00000000d5580000, 0x00000000d6300000, 0x0000000100000000)
  eden space 6144K, 100% used [0x00000000d5580000,0x00000000d5b80000,0x00000000d5b80000)
  from space 512K, 81% used [0x00000000d6280000,0x00000000d62e8000,0x00000000d6300000)
  to   space 512K, 0% used [0x00000000d6200000,0x00000000d6200000,0x00000000d6280000)
 ParOldGen       total 68608K, used 66610K [0x0000000080000000, 0x0000000084300000, 0x00000000d5580000)
  object space 68608K, 97% used [0x0000000080000000,0x000000008410c810,0x0000000084300000)
 Metaspace       used 56975K, committed 58432K, reserved 1114112K
  class space    used 6069K, committed 6720K, reserved 1048576K
}
Event: 20.368 GC heap after
{Heap after GC invocations=57 (full 2):
 PSYoungGen      total 6656K, used 472K [0x00000000d5580000, 0x00000000d6300000, 0x0000000100000000)
  eden space 6144K, 0% used [0x00000000d5580000,0x00000000d5580000,0x00000000d5b80000)
  from space 512K, 92% used [0x00000000d6200000,0x00000000d62761a8,0x00000000d6280000)
  to   space 512K, 0% used [0x00000000d6280000,0x00000000d6280000,0x00000000d6300000)
 ParOldGen       total 68608K, used 66791K [0x0000000080000000, 0x0000000084300000, 0x00000000d5580000)
  object space 68608K, 97% used [0x0000000080000000,0x0000000084139f50,0x0000000084300000)
 Metaspace       used 56975K, committed 58432K, reserved 1114112K
  class space    used 6069K, committed 6720K, reserved 1048576K
}
Event: 20.658 GC heap before
{Heap before GC invocations=58 (full 2):
 PSYoungGen      total 6656K, used 6602K [0x00000000d5580000, 0x00000000d6300000, 0x0000000100000000)
  eden space 6144K, 99% used [0x00000000d5580000,0x00000000d5b7c7f0,0x00000000d5b80000)
  from space 512K, 92% used [0x00000000d6200000,0x00000000d62761a8,0x00000000d6280000)
  to   space 512K, 0% used [0x00000000d6280000,0x00000000d6280000,0x00000000d6300000)
 ParOldGen       total 68608K, used 66791K [0x0000000080000000, 0x0000000084300000, 0x00000000d5580000)
  object space 68608K, 97% used [0x0000000080000000,0x0000000084139f50,0x0000000084300000)
 Metaspace       used 57594K, committed 59072K, reserved 1114112K
  class space    used 6155K, committed 6784K, reserved 1048576K
}
Event: 20.660 GC heap after
{Heap after GC invocations=58 (full 2):
 PSYoungGen      total 6656K, used 416K [0x00000000d5580000, 0x00000000d6300000, 0x0000000100000000)
  eden space 6144K, 0% used [0x00000000d5580000,0x00000000d5580000,0x00000000d5b80000)
  from space 512K, 81% used [0x00000000d6280000,0x00000000d62e8020,0x00000000d6300000)
  to   space 512K, 0% used [0x00000000d6200000,0x00000000d6200000,0x00000000d6280000)
 ParOldGen       total 68608K, used 67074K [0x0000000080000000, 0x0000000084300000, 0x00000000d5580000)
  object space 68608K, 97% used [0x0000000080000000,0x00000000841809d0,0x0000000084300000)
 Metaspace       used 57594K, committed 59072K, reserved 1114112K
  class space    used 6155K, committed 6784K, reserved 1048576K
}
Event: 21.143 GC heap before
{Heap before GC invocations=59 (full 2):
 PSYoungGen      total 6656K, used 6547K [0x00000000d5580000, 0x00000000d6300000, 0x0000000100000000)
  eden space 6144K, 99% used [0x00000000d5580000,0x00000000d5b7cd48,0x00000000d5b80000)
  from space 512K, 81% used [0x00000000d6280000,0x00000000d62e8020,0x00000000d6300000)
  to   space 512K, 0% used [0x00000000d6200000,0x00000000d6200000,0x00000000d6280000)
 ParOldGen       total 68608K, used 67074K [0x0000000080000000, 0x0000000084300000, 0x00000000d5580000)
  object space 68608K, 97% used [0x0000000080000000,0x00000000841809d0,0x0000000084300000)
 Metaspace       used 57770K, committed 59264K, reserved 1114112K
  class space    used 6182K, committed 6848K, reserved 1048576K
}
Event: 21.144 GC heap after
{Heap after GC invocations=59 (full 2):
 PSYoungGen      total 6656K, used 448K [0x00000000d5580000, 0x00000000d6300000, 0x0000000100000000)
  eden space 6144K, 0% used [0x00000000d5580000,0x00000000d5580000,0x00000000d5b80000)
  from space 512K, 87% used [0x00000000d6200000,0x00000000d6270020,0x00000000d6280000)
  to   space 512K, 0% used [0x00000000d6280000,0x00000000d6280000,0x00000000d6300000)
 ParOldGen       total 68608K, used 67274K [0x0000000080000000, 0x0000000084300000, 0x00000000d5580000)
  object space 68608K, 98% used [0x0000000080000000,0x00000000841b29f0,0x0000000084300000)
 Metaspace       used 57770K, committed 59264K, reserved 1114112K
  class space    used 6182K, committed 6848K, reserved 1048576K
}
Event: 21.539 GC heap before
{Heap before GC invocations=60 (full 2):
 PSYoungGen      total 6656K, used 6592K [0x00000000d5580000, 0x00000000d6300000, 0x0000000100000000)
  eden space 6144K, 100% used [0x00000000d5580000,0x00000000d5b80000,0x00000000d5b80000)
  from space 512K, 87% used [0x00000000d6200000,0x00000000d6270020,0x00000000d6280000)
  to   space 512K, 0% used [0x00000000d6280000,0x00000000d6280000,0x00000000d6300000)
 ParOldGen       total 68608K, used 67274K [0x0000000080000000, 0x0000000084300000, 0x00000000d5580000)
  object space 68608K, 98% used [0x0000000080000000,0x00000000841b29f0,0x0000000084300000)
 Metaspace       used 57931K, committed 59456K, reserved 1114112K
  class space    used 6215K, committed 6848K, reserved 1048576K
}
Event: 21.539 GC heap after
{Heap after GC invocations=60 (full 2):
 PSYoungGen      total 6656K, used 384K [0x00000000d5580000, 0x00000000d6300000, 0x0000000100000000)
  eden space 6144K, 0% used [0x00000000d5580000,0x00000000d5580000,0x00000000d5b80000)
  from space 512K, 75% used [0x00000000d6280000,0x00000000d62e0000,0x00000000d6300000)
  to   space 512K, 0% used [0x00000000d6200000,0x00000000d6200000,0x00000000d6280000)
 ParOldGen       total 68608K, used 67466K [0x0000000080000000, 0x0000000084300000, 0x00000000d5580000)
  object space 68608K, 98% used [0x0000000080000000,0x00000000841e2a20,0x0000000084300000)
 Metaspace       used 57931K, committed 59456K, reserved 1114112K
  class space    used 6215K, committed 6848K, reserved 1048576K
}
Event: 21.900 GC heap before
{Heap before GC invocations=61 (full 2):
 PSYoungGen      total 6656K, used 5363K [0x00000000d5580000, 0x00000000d6300000, 0x0000000100000000)
  eden space 6144K, 81% used [0x00000000d5580000,0x00000000d5a5cd48,0x00000000d5b80000)
  from space 512K, 75% used [0x00000000d6280000,0x00000000d62e0000,0x00000000d6300000)
  to   space 512K, 0% used [0x00000000d6200000,0x00000000d6200000,0x00000000d6280000)
 ParOldGen       total 68608K, used 67466K [0x0000000080000000, 0x0000000084300000, 0x00000000d5580000)
  object space 68608K, 98% used [0x0000000080000000,0x00000000841e2a20,0x0000000084300000)
 Metaspace       used 58275K, committed 59776K, reserved 1114112K
  class space    used 6240K, committed 6912K, reserved 1048576K
}
Event: 21.902 GC heap after
{Heap after GC invocations=61 (full 2):
 PSYoungGen      total 6656K, used 488K [0x00000000d5580000, 0x00000000d6300000, 0x0000000100000000)
  eden space 6144K, 0% used [0x00000000d5580000,0x00000000d5580000,0x00000000d5b80000)
  from space 512K, 95% used [0x00000000d6200000,0x00000000d627a010,0x00000000d6280000)
  to   space 512K, 0% used [0x00000000d6280000,0x00000000d6280000,0x00000000d6300000)
 ParOldGen       total 68608K, used 67594K [0x0000000080000000, 0x0000000084300000, 0x00000000d5580000)
  object space 68608K, 98% used [0x0000000080000000,0x0000000084202a20,0x0000000084300000)
 Metaspace       used 58275K, committed 59776K, reserved 1114112K
  class space    used 6240K, committed 6912K, reserved 1048576K
}
Event: 21.902 GC heap before
{Heap before GC invocations=62 (full 3):
 PSYoungGen      total 6656K, used 488K [0x00000000d5580000, 0x00000000d6300000, 0x0000000100000000)
  eden space 6144K, 0% used [0x00000000d5580000,0x00000000d5580000,0x00000000d5b80000)
  from space 512K, 95% used [0x00000000d6200000,0x00000000d627a010,0x00000000d6280000)
  to   space 512K, 0% used [0x00000000d6280000,0x00000000d6280000,0x00000000d6300000)
 ParOldGen       total 68608K, used 67594K [0x0000000080000000, 0x0000000084300000, 0x00000000d5580000)
  object space 68608K, 98% used [0x0000000080000000,0x0000000084202a20,0x0000000084300000)
 Metaspace       used 58275K, committed 59776K, reserved 1114112K
  class space    used 6240K, committed 6912K, reserved 1048576K
}
Event: 22.020 GC heap after
{Heap after GC invocations=62 (full 3):
 PSYoungGen      total 6656K, used 0K [0x00000000d5580000, 0x00000000d6300000, 0x0000000100000000)
  eden space 6144K, 0% used [0x00000000d5580000,0x00000000d5580000,0x00000000d5b80000)
  from space 512K, 0% used [0x00000000d6200000,0x00000000d6200000,0x00000000d6280000)
  to   space 512K, 0% used [0x00000000d6280000,0x00000000d6280000,0x00000000d6300000)
 ParOldGen       total 68608K, used 52515K [0x0000000080000000, 0x0000000084300000, 0x00000000d5580000)
  object space 68608K, 76% used [0x0000000080000000,0x0000000083348f80,0x0000000084300000)
 Metaspace       used 58274K, committed 59776K, reserved 1114112K
  class space    used 6240K, committed 6912K, reserved 1048576K
}
Event: 22.296 GC heap before
{Heap before GC invocations=63 (full 3):
 PSYoungGen      total 6656K, used 6144K [0x00000000d5580000, 0x00000000d6300000, 0x0000000100000000)
  eden space 6144K, 100% used [0x00000000d5580000,0x00000000d5b80000,0x00000000d5b80000)
  from space 512K, 0% used [0x00000000d6200000,0x00000000d6200000,0x00000000d6280000)
  to   space 512K, 0% used [0x00000000d6280000,0x00000000d6280000,0x00000000d6300000)
 ParOldGen       total 68608K, used 52515K [0x0000000080000000, 0x0000000084300000, 0x00000000d5580000)
  object space 68608K, 76% used [0x0000000080000000,0x0000000083348f80,0x0000000084300000)
 Metaspace       used 58551K, committed 60032K, reserved 1114112K
  class space    used 6272K, committed 6912K, reserved 1048576K
}
Event: 22.296 GC heap after
{Heap after GC invocations=63 (full 3):
 PSYoungGen      total 6656K, used 384K [0x00000000d5580000, 0x00000000d6300000, 0x0000000100000000)
  eden space 6144K, 0% used [0x00000000d5580000,0x00000000d5580000,0x00000000d5b80000)
  from space 512K, 75% used [0x00000000d6280000,0x00000000d62e0000,0x00000000d6300000)
  to   space 512K, 0% used [0x00000000d6200000,0x00000000d6200000,0x00000000d6280000)
 ParOldGen       total 68608K, used 52523K [0x0000000080000000, 0x0000000084300000, 0x00000000d5580000)
  object space 68608K, 76% used [0x0000000080000000,0x000000008334af80,0x0000000084300000)
 Metaspace       used 58551K, committed 60032K, reserved 1114112K
  class space    used 6272K, committed 6912K, reserved 1048576K
}
Event: 22.598 GC heap before
{Heap before GC invocations=64 (full 3):
 PSYoungGen      total 6656K, used 6441K [0x00000000d5580000, 0x00000000d6300000, 0x0000000100000000)
  eden space 6144K, 98% used [0x00000000d5580000,0x00000000d5b6a488,0x00000000d5b80000)
  from space 512K, 75% used [0x00000000d6280000,0x00000000d62e0000,0x00000000d6300000)
  to   space 512K, 0% used [0x00000000d6200000,0x00000000d6200000,0x00000000d6280000)
 ParOldGen       total 68608K, used 52523K [0x0000000080000000, 0x0000000084300000, 0x00000000d5580000)
  object space 68608K, 76% used [0x0000000080000000,0x000000008334af80,0x0000000084300000)
 Metaspace       used 58862K, committed 60352K, reserved 1114112K
  class space    used 6310K, committed 6976K, reserved 1048576K
}
Event: 22.599 GC heap after
{Heap after GC invocations=64 (full 3):
 PSYoungGen      total 6656K, used 480K [0x00000000d5580000, 0x00000000d6300000, 0x0000000100000000)
  eden space 6144K, 0% used [0x00000000d5580000,0x00000000d5580000,0x00000000d5b80000)
  from space 512K, 93% used [0x00000000d6200000,0x00000000d6278010,0x00000000d6280000)
  to   space 512K, 0% used [0x00000000d6280000,0x00000000d6280000,0x00000000d6300000)
 ParOldGen       total 68608K, used 52627K [0x0000000080000000, 0x0000000084300000, 0x00000000d5580000)
  object space 68608K, 76% used [0x0000000080000000,0x0000000083364f80,0x0000000084300000)
 Metaspace       used 58862K, committed 60352K, reserved 1114112K
  class space    used 6310K, committed 6976K, reserved 1048576K
}
Event: 22.969 GC heap before
{Heap before GC invocations=65 (full 3):
 PSYoungGen      total 6656K, used 6624K [0x00000000d5580000, 0x00000000d6300000, 0x0000000100000000)
  eden space 6144K, 100% used [0x00000000d5580000,0x00000000d5b80000,0x00000000d5b80000)
  from space 512K, 93% used [0x00000000d6200000,0x00000000d6278010,0x00000000d6280000)
  to   space 512K, 0% used [0x00000000d6280000,0x00000000d6280000,0x00000000d6300000)
 ParOldGen       total 68608K, used 52627K [0x0000000080000000, 0x0000000084300000, 0x00000000d5580000)
  object space 68608K, 76% used [0x0000000080000000,0x0000000083364f80,0x0000000084300000)
 Metaspace       used 59909K, committed 61376K, reserved 1114112K
  class space    used 6381K, committed 7040K, reserved 1048576K
}
Event: 22.970 GC heap after
{Heap after GC invocations=65 (full 3):
 PSYoungGen      total 6656K, used 416K [0x00000000d5580000, 0x00000000d6300000, 0x0000000100000000)
  eden space 6144K, 0% used [0x00000000d5580000,0x00000000d5580000,0x00000000d5b80000)
  from space 512K, 81% used [0x00000000d6280000,0x00000000d62e8000,0x00000000d6300000)
  to   space 512K, 0% used [0x00000000d6200000,0x00000000d6200000,0x00000000d6280000)
 ParOldGen       total 68608K, used 52747K [0x0000000080000000, 0x0000000084300000, 0x00000000d5580000)
  object space 68608K, 76% used [0x0000000080000000,0x0000000083382f80,0x0000000084300000)
 Metaspace       used 59909K, committed 61376K, reserved 1114112K
  class space    used 6381K, committed 7040K, reserved 1048576K
}
Event: 23.283 GC heap before
{Heap before GC invocations=66 (full 3):
 PSYoungGen      total 6656K, used 6560K [0x00000000d5580000, 0x00000000d6300000, 0x0000000100000000)
  eden space 6144K, 100% used [0x00000000d5580000,0x00000000d5b80000,0x00000000d5b80000)
  from space 512K, 81% used [0x00000000d6280000,0x00000000d62e8000,0x00000000d6300000)
  to   space 512K, 0% used [0x00000000d6200000,0x00000000d6200000,0x00000000d6280000)
 ParOldGen       total 68608K, used 52747K [0x0000000080000000, 0x0000000084300000, 0x00000000d5580000)
  object space 68608K, 76% used [0x0000000080000000,0x0000000083382f80,0x0000000084300000)
 Metaspace       used 60145K, committed 61632K, reserved 1114112K
  class space    used 6407K, committed 7040K, reserved 1048576K
}
Event: 23.284 GC heap after
{Heap after GC invocations=66 (full 3):
 PSYoungGen      total 6656K, used 448K [0x00000000d5580000, 0x00000000d6300000, 0x0000000100000000)
  eden space 6144K, 0% used [0x00000000d5580000,0x00000000d5580000,0x00000000d5b80000)
  from space 512K, 87% used [0x00000000d6200000,0x00000000d6270000,0x00000000d6280000)
  to   space 512K, 0% used [0x00000000d6280000,0x00000000d6280000,0x00000000d6300000)
 ParOldGen       total 68608K, used 52931K [0x0000000080000000, 0x0000000084300000, 0x00000000d5580000)
  object space 68608K, 77% used [0x0000000080000000,0x00000000833b0f80,0x0000000084300000)
 Metaspace       used 60145K, committed 61632K, reserved 1114112K
  class space    used 6407K, committed 7040K, reserved 1048576K
}

